<?xml version="1.0" encoding="UTF-8"?>
<!-- Generated by org.testng.reporters.JUnitReportReporter -->
<testsuite hostname="Arunas-MacBook-Air.local" name="com.bank.tests.HomePageIT" tests="3" failures="0" timestamp="25 Oct 2017 13:39:08 GMT" time="27.167" errors="0">
  <testcase name="testWellsFargo" time="7.702" classname="com.bank.tests.HomePageIT"/>
  <testcase name="testCareers" time="7.767" classname="com.bank.tests.HomePageIT"/>
  <testcase name="testEnroll" time="11.698" classname="com.bank.tests.HomePageIT"/>
</testsuite> <!-- com.bank.tests.HomePageIT -->
